mode: set
unit-tests-mongo-golang/pkg/posts/posts.go:21.76,25.2 1 1
unit-tests-mongo-golang/pkg/posts/posts.go:28.65,36.16 5 1
unit-tests-mongo-golang/pkg/posts/posts.go:40.2,40.31 1 1
unit-tests-mongo-golang/pkg/posts/posts.go:51.2,53.19 2 1
unit-tests-mongo-golang/pkg/posts/posts.go:36.16,38.3 1 1
unit-tests-mongo-golang/pkg/posts/posts.go:40.31,43.17 3 1
unit-tests-mongo-golang/pkg/posts/posts.go:47.3,47.30 1 1
unit-tests-mongo-golang/pkg/posts/posts.go:43.17,45.4 1 1
unit-tests-mongo-golang/pkg/posts/posts.go:57.104,72.16 5 1
unit-tests-mongo-golang/pkg/posts/posts.go:77.2,107.16 6 1
unit-tests-mongo-golang/pkg/posts/posts.go:113.2,114.16 2 1
unit-tests-mongo-golang/pkg/posts/posts.go:118.2,118.29 1 1
unit-tests-mongo-golang/pkg/posts/posts.go:72.16,74.3 1 1
unit-tests-mongo-golang/pkg/posts/posts.go:107.16,109.3 1 1
unit-tests-mongo-golang/pkg/posts/posts.go:114.16,116.3 1 1
unit-tests-mongo-golang/pkg/posts/posts.go:124.74,128.50 3 1
unit-tests-mongo-golang/pkg/posts/posts.go:135.2,136.37 2 1
unit-tests-mongo-golang/pkg/posts/posts.go:139.2,152.19 5 1
unit-tests-mongo-golang/pkg/posts/posts.go:128.50,129.40 1 1
unit-tests-mongo-golang/pkg/posts/posts.go:129.40,131.4 1 1
unit-tests-mongo-golang/pkg/posts/posts.go:131.9,133.4 1 1
unit-tests-mongo-golang/pkg/posts/posts.go:136.37,138.3 1 1
