mode: set
unit-tests-mongo-golang/pkg/posts/posts.go:20.76,24.2 1 1
unit-tests-mongo-golang/pkg/posts/posts.go:27.65,35.16 5 1
unit-tests-mongo-golang/pkg/posts/posts.go:39.2,39.31 1 1
unit-tests-mongo-golang/pkg/posts/posts.go:50.2,52.19 2 1
unit-tests-mongo-golang/pkg/posts/posts.go:35.16,37.3 1 1
unit-tests-mongo-golang/pkg/posts/posts.go:39.31,42.17 3 0
unit-tests-mongo-golang/pkg/posts/posts.go:46.3,46.30 1 0
unit-tests-mongo-golang/pkg/posts/posts.go:42.17,44.4 1 0
unit-tests-mongo-golang/pkg/posts/posts.go:56.100,71.16 5 1
unit-tests-mongo-golang/pkg/posts/posts.go:78.2,80.50 3 1
unit-tests-mongo-golang/pkg/posts/posts.go:87.2,88.37 2 1
unit-tests-mongo-golang/pkg/posts/posts.go:91.2,126.16 8 1
unit-tests-mongo-golang/pkg/posts/posts.go:132.2,133.16 2 1
unit-tests-mongo-golang/pkg/posts/posts.go:137.2,137.29 1 1
unit-tests-mongo-golang/pkg/posts/posts.go:71.16,73.3 1 0
unit-tests-mongo-golang/pkg/posts/posts.go:80.50,81.40 1 0
unit-tests-mongo-golang/pkg/posts/posts.go:81.40,83.4 1 0
unit-tests-mongo-golang/pkg/posts/posts.go:83.9,85.4 1 0
unit-tests-mongo-golang/pkg/posts/posts.go:88.37,90.3 1 0
unit-tests-mongo-golang/pkg/posts/posts.go:126.16,128.3 1 0
unit-tests-mongo-golang/pkg/posts/posts.go:133.16,135.3 1 0
